#
# There is insufficient memory for the Java Runtime Environment to continue.
# Native memory allocation (mmap) failed to map 106954752 bytes for G1 virtual space
# Possible reasons:
#   The system is out of physical RAM or swap space
#   The process is running with CompressedOops enabled, and the Java Heap may be blocking the growth of the native heap
# Possible solutions:
#   Reduce memory load on the system
#   Increase physical memory or swap space
#   Check if swap backing store is full
#   Decrease Java heap size (-Xmx/-Xms)
#   Decrease number of Java threads
#   Decrease Java thread stack sizes (-Xss)
#   Set larger code cache with -XX:ReservedCodeCacheSize=
#   JVM is running with Zero Based Compressed Oops mode in which the Java heap is
#     placed in the first 32GB address space. The Java Heap base address is the
#     maximum limit for the native heap growth. Please use -XX:HeapBaseMinAddress
#     to set the Java Heap base and to place the Java Heap above 32GB virtual address.
# This output file may be truncated or incomplete.
#
#  Out of Memory Error (os_windows.cpp:3548), pid=57620, tid=38252
#
# JRE version: OpenJDK Runtime Environment Temurin-17.0.5+8 (17.0.5+8) (build 17.0.5+8)
# Java VM: OpenJDK 64-Bit Server VM Temurin-17.0.5+8 (17.0.5+8, mixed mode, tiered, compressed oops, compressed class ptrs, g1 gc, windows-amd64)
# No core dump will be written. Minidumps are not enabled by default on client versions of Windows
#

---------------  S U M M A R Y ------------

Command Line: -ea -Dfile.encoding=UTF-8 -Dstdout.encoding=UTF-8 -Dstderr.encoding=UTF-8 -XX:+ShowCodeDetailsInExceptionMessages org.testng.remote.RemoteTestNG -serport 56937 -protocol json -d G:\Selenium Practice\MyJavaSeleniumApiPractices\test-output C:\Users\roopk\AppData\Local\Temp\testng-eclipse-917075822\testng-customsuite.xml

Host: 12th Gen Intel(R) Core(TM) i7-12700H, 20 cores, 15G,  Windows 11 , 64 bit Build 22621 (10.0.22621.2506)
Time: Mon Dec 18 17:14:42 2023 India Standard Time elapsed time: 23.530092 seconds (0d 0h 0m 23s)

---------------  T H R E A D  ---------------

Current thread (0x0000022fc2f62cd0):  VMThread "VM Thread" [stack: 0x0000005675300000,0x0000005675400000] [id=38252]

Stack: [0x0000005675300000,0x0000005675400000]
Native frames: (J=compiled Java code, j=interpreted, Vv=VM code, C=native code)
V  [jvm.dll+0x676b3a]
V  [jvm.dll+0x831444]
V  [jvm.dll+0x832bee]
V  [jvm.dll+0x833253]
V  [jvm.dll+0x244ce5]
V  [jvm.dll+0x673a49]
V  [jvm.dll+0x66811a]
V  [jvm.dll+0x303ceb]
V  [jvm.dll+0x30b1e6]
V  [jvm.dll+0x35adbe]
V  [jvm.dll+0x35afef]
V  [jvm.dll+0x2dab88]
V  [jvm.dll+0x2d8e3c]
V  [jvm.dll+0x2d840c]
V  [jvm.dll+0x31c31b]
V  [jvm.dll+0x8376fb]
V  [jvm.dll+0x838434]
V  [jvm.dll+0x83894c]
V  [jvm.dll+0x838d24]
V  [jvm.dll+0x838df0]
V  [jvm.dll+0x7e17ea]
V  [jvm.dll+0x6759e5]
C  [ucrtbase.dll+0x29363]
C  [KERNEL32.DLL+0x1257d]
C  [ntdll.dll+0x5aa58]

VM_Operation (0x0000005674dfbcb0): G1CollectForAllocation, mode: safepoint, requested by thread 0x0000022fa3bc0460


---------------  P R O C E S S  ---------------

Threads class SMR info:
_java_thread_list=0x0000022fc4aefa90, length=27, elements={
0x0000022fa3bc0460, 0x0000022fc354d810, 0x0000022fc35525e0, 0x0000022fc3571950,
0x0000022fc3572410, 0x0000022fc3574de0, 0x0000022fc3581750, 0x0000022fc358e770,
0x0000022fc358f880, 0x0000022fc358fd90, 0x0000022fc370c2c0, 0x0000022fc3714fd0,
0x0000022fc44dd340, 0x0000022fc51c3fe0, 0x0000022fc532e960, 0x0000022fc557aed0,
0x0000022fc5293e90, 0x0000022fc5294360, 0x0000022fc5363a60, 0x0000022fc56c8c50,
0x0000022fc52baef0, 0x0000022fc4f60550, 0x0000022fc4f5e3a0, 0x0000022fc4f5d060,
0x0000022fc4d13390, 0x0000022fc4af5710, 0x0000022fc3659eb0
}

Java Threads: ( => current thread )
  0x0000022fa3bc0460 JavaThread "Forwarding elementScreenshot on session 63bd175d92896fac4ce25cb555ccd83a to remote" [_thread_blocked, id=49388, stack(0x0000005674d00000,0x0000005674e00000)]
  0x0000022fc354d810 JavaThread "Reference Handler" daemon [_thread_blocked, id=22384, stack(0x0000005675400000,0x0000005675500000)]
  0x0000022fc35525e0 JavaThread "Finalizer" daemon [_thread_blocked, id=51204, stack(0x0000005675500000,0x0000005675600000)]
  0x0000022fc3571950 JavaThread "Signal Dispatcher" daemon [_thread_blocked, id=54688, stack(0x0000005675600000,0x0000005675700000)]
  0x0000022fc3572410 JavaThread "Attach Listener" daemon [_thread_blocked, id=23728, stack(0x0000005675700000,0x0000005675800000)]
  0x0000022fc3574de0 JavaThread "Service Thread" daemon [_thread_blocked, id=26512, stack(0x0000005675800000,0x0000005675900000)]
  0x0000022fc3581750 JavaThread "Monitor Deflation Thread" daemon [_thread_blocked, id=45384, stack(0x0000005675900000,0x0000005675a00000)]
  0x0000022fc358e770 JavaThread "C2 CompilerThread0" daemon [_thread_blocked, id=2124, stack(0x0000005675a00000,0x0000005675b00000)]
  0x0000022fc358f880 JavaThread "C1 CompilerThread0" daemon [_thread_blocked, id=30716, stack(0x0000005675b00000,0x0000005675c00000)]
  0x0000022fc358fd90 JavaThread "Sweeper thread" daemon [_thread_blocked, id=46504, stack(0x0000005675c00000,0x0000005675d00000)]
  0x0000022fc370c2c0 JavaThread "Notification Thread" daemon [_thread_blocked, id=49548, stack(0x0000005675f00000,0x0000005676000000)]
  0x0000022fc3714fd0 JavaThread "Common-Cleaner" daemon [_thread_blocked, id=28440, stack(0x0000005676100000,0x0000005676200000)]
  0x0000022fc44dd340 JavaThread "ReaderThread" [_thread_in_native, id=28624, stack(0x0000005676500000,0x0000005676600000)]
  0x0000022fc51c3fe0 JavaThread "ForkJoinPool.commonPool-worker-1" daemon [_thread_blocked, id=45376, stack(0x0000005675d00000,0x0000005675e00000)]
  0x0000022fc532e960 JavaThread "AsyncHttpClient-1-1" daemon [_thread_blocked, id=49840, stack(0x0000005675e00000,0x0000005675f00000)]
  0x0000022fc557aed0 JavaThread "Exec Default Executor" daemon [_thread_in_native, id=35364, stack(0x0000005677700000,0x0000005677800000)]
  0x0000022fc5293e90 JavaThread "Exec Stream Pumper" daemon [_thread_in_native, id=51480, stack(0x0000005677800000,0x0000005677900000)]
  0x0000022fc5294360 JavaThread "Exec Stream Pumper" daemon [_thread_in_native, id=20224, stack(0x0000005677900000,0x0000005677a00000)]
  0x0000022fc5363a60 JavaThread "Driver Service Executor" daemon [_thread_blocked, id=27660, stack(0x0000005676600000,0x0000005676700000)]
  0x0000022fc56c8c50 JavaThread "Driver Service Executor" daemon [_thread_blocked, id=21752, stack(0x0000005677a00000,0x0000005677b00000)]
  0x0000022fc52baef0 JavaThread "UrlChecker-2" daemon [_thread_blocked, id=26656, stack(0x0000005677b00000,0x0000005677c00000)]
  0x0000022fc4f60550 JavaThread "AsyncHttpClient-1-2" daemon [_thread_in_native, id=46892, stack(0x0000005678000000,0x0000005678100000)]
  0x0000022fc4f5e3a0 JavaThread "AsyncHttpClient-1-3" daemon [_thread_in_native, id=57504, stack(0x0000005676d00000,0x0000005676e00000)]
  0x0000022fc4f5d060 JavaThread "AsyncHttpClient-1-4" daemon [_thread_in_native, id=51356, stack(0x0000005678100000,0x0000005678200000)]
  0x0000022fc4d13390 JavaThread "C1 CompilerThread1" daemon [_thread_blocked, id=29840, stack(0x0000005676200000,0x0000005676300000)]
  0x0000022fc4af5710 JavaThread "C1 CompilerThread2" daemon [_thread_blocked, id=9600, stack(0x0000005676b00000,0x0000005676c00000)]
  0x0000022fc3659eb0 JavaThread "C1 CompilerThread3" daemon [_thread_blocked, id=52556, stack(0x0000005676c00000,0x0000005676d00000)]

Other Threads:
=>0x0000022fc2f62cd0 VMThread "VM Thread" [stack: 0x0000005675300000,0x0000005675400000] [id=38252]
  0x0000022fa3c64ed0 WatcherThread [stack: 0x0000005676000000,0x0000005676100000] [id=15008]
  0x0000022fa3c306c0 GCTaskThread "GC Thread#0" [stack: 0x0000005674e00000,0x0000005674f00000] [id=57128]
  0x0000022fc4d835e0 GCTaskThread "GC Thread#1" [stack: 0x0000005676300000,0x0000005676400000] [id=50140]
  0x0000022fc5447430 GCTaskThread "GC Thread#2" [stack: 0x0000005676700000,0x0000005676800000] [id=19668]
  0x0000022fc54476e0 GCTaskThread "GC Thread#3" [stack: 0x0000005676800000,0x0000005676900000] [id=2204]
  0x0000022fc4a9b270 GCTaskThread "GC Thread#4" [stack: 0x0000005676900000,0x0000005676a00000] [id=7824]
  0x0000022fc4a9b520 GCTaskThread "GC Thread#5" [stack: 0x0000005676a00000,0x0000005676b00000] [id=47584]
  0x0000022fc54a3460 GCTaskThread "GC Thread#6" [stack: 0x0000005676e00000,0x0000005676f00000] [id=56644]
  0x0000022fc54a3710 GCTaskThread "GC Thread#7" [stack: 0x0000005676f00000,0x0000005677000000] [id=46712]
  0x0000022fc524f3a0 GCTaskThread "GC Thread#8" [stack: 0x0000005677000000,0x0000005677100000] [id=47108]
  0x0000022fc524f650 GCTaskThread "GC Thread#9" [stack: 0x0000005677100000,0x0000005677200000] [id=56184]
  0x0000022fc524f900 GCTaskThread "GC Thread#10" [stack: 0x0000005677200000,0x0000005677300000] [id=50564]
  0x0000022fc524fbb0 GCTaskThread "GC Thread#11" [stack: 0x0000005677300000,0x0000005677400000] [id=17824]
  0x0000022fc546e880 GCTaskThread "GC Thread#12" [stack: 0x0000005677d00000,0x0000005677e00000] [id=14316]
  0x0000022fc546e320 GCTaskThread "GC Thread#13" [stack: 0x0000005677e00000,0x0000005677f00000] [id=28488]
  0x0000022fc546f8a0 GCTaskThread "GC Thread#14" [stack: 0x0000005677f00000,0x0000005678000000] [id=45288]
  0x0000022fa3c40f20 ConcurrentGCThread "G1 Main Marker" [stack: 0x0000005674f00000,0x0000005675000000] [id=28340]
  0x0000022fa3c41840 ConcurrentGCThread "G1 Conc#0" [stack: 0x0000005675000000,0x0000005675100000] [id=49820]
  0x0000022fc546fb50 ConcurrentGCThread "G1 Conc#1" [stack: 0x0000005677400000,0x0000005677500000] [id=28184]
  0x0000022fc546e070 ConcurrentGCThread "G1 Conc#2" [stack: 0x0000005677500000,0x0000005677600000] [id=48552]
  0x0000022fc546e5d0 ConcurrentGCThread "G1 Conc#3" [stack: 0x0000005677600000,0x0000005677700000] [id=54560]
  0x0000022fc2e3a6c0 ConcurrentGCThread "G1 Refine#0" [stack: 0x0000005675100000,0x0000005675200000] [id=44580]
  0x0000022fc2e3aef0 ConcurrentGCThread "G1 Service" [stack: 0x0000005675200000,0x0000005675300000] [id=47464]

Threads with active compile tasks:
C2 CompilerThread0    23558 2954       4       com.google.common.base.CharMatcher$And::matches (28 bytes)

VM state: at safepoint (normal execution)

VM Mutex/Monitor currently owned by a thread:  ([mutex/lock_event])
[0x0000022fa3bbcbc0] Threads_lock - owner thread: 0x0000022fc2f62cd0
[0x0000022fa3bbbdb0] Heap_lock - owner thread: 0x0000022fa3bc0460

Heap address: 0x0000000705e00000, size: 4002 MB, Compressed Oops mode: Zero based, Oop shift amount: 3

CDS archive(s) not mapped
Compressed class space mapped at: 0x0000000800000000-0x0000000840000000, reserved size: 1073741824
Narrow klass base: 0x0000000800000000, Narrow klass shift: 0, Narrow klass range: 0x40000000

GC Precious Log:
 CPUs: 20 total, 20 available
 Memory: 16004M
 Large Page Support: Disabled
 NUMA Support: Disabled
 Compressed Oops: Enabled (Zero based)
 Heap Region Size: 2M
 Heap Min Capacity: 8M
 Heap Initial Capacity: 252M
 Heap Max Capacity: 4002M
 Pre-touch: Disabled
 Parallel Workers: 15
 Concurrent Workers: 4
 Concurrent Refinement Workers: 15
 Periodic GC: Disabled

Heap:
 garbage-first heap   total 49152K, used 22592K [0x0000000705e00000, 0x0000000800000000)
  region size 2048K, 1 young (2048K), 1 survivors (2048K)
 Metaspace       used 31196K, committed 31424K, reserved 1081344K
  class space    used 3502K, committed 3584K, reserved 1048576K

Heap Regions: E=young(eden), S=young(survivor), O=old, HS=humongous(starts), HC=humongous(continues), CS=collection set, F=free, OA=open archive, CA=closed archive, TAMS=top-at-mark-start (previous, next)
|   0|0x0000000705e00000, 0x0000000706000000, 0x0000000706000000|100%| O|  |TAMS 0x0000000706000000, 0x0000000705e00000| Untracked 
|   1|0x0000000706000000, 0x0000000706200000, 0x0000000706200000|100%| O|  |TAMS 0x0000000706200000, 0x0000000706000000| Untracked 
|   2|0x0000000706200000, 0x0000000706400000, 0x0000000706400000|100%| O|  |TAMS 0x0000000706400000, 0x0000000706200000| Untracked 
|   3|0x0000000706400000, 0x0000000706600000, 0x0000000706600000|100%| O|  |TAMS 0x0000000706600000, 0x0000000706400000| Complete 
|   4|0x0000000706600000, 0x0000000706800000, 0x0000000706800000|100%| O|  |TAMS 0x0000000706800000, 0x0000000706600000| Untracked 
|   5|0x0000000706800000, 0x0000000706a00000, 0x0000000706a00000|100%| O|  |TAMS 0x0000000706a00000, 0x0000000706800000| Untracked 
|   6|0x0000000706a00000, 0x0000000706c00000, 0x0000000706c00000|100%| O|  |TAMS 0x0000000706c00000, 0x0000000706a00000| Untracked 
|   7|0x0000000706c00000, 0x0000000706c00000, 0x0000000706e00000|  0%| F|  |TAMS 0x0000000706c00000, 0x0000000706c00000| Untracked 
|   8|0x0000000706e00000, 0x0000000707000000, 0x0000000707000000|100%|HS|  |TAMS 0x0000000707000000, 0x0000000706e00000| Complete 
|   9|0x0000000707000000, 0x0000000707200000, 0x0000000707200000|100%|HC|  |TAMS 0x0000000707200000, 0x0000000707000000| Complete 
|  10|0x0000000707200000, 0x0000000707400000, 0x0000000707400000|100%|HC|  |TAMS 0x0000000707400000, 0x0000000707200000| Complete 
|  11|0x0000000707400000, 0x000000070747be00, 0x0000000707600000| 24%| O|  |TAMS 0x0000000707475800, 0x0000000707400000| Untracked 
|  12|0x0000000707600000, 0x0000000707600000, 0x0000000707800000|  0%| F|  |TAMS 0x0000000707600000, 0x0000000707600000| Untracked 
|  13|0x0000000707800000, 0x0000000707800000, 0x0000000707a00000|  0%| F|  |TAMS 0x0000000707800000, 0x0000000707800000| Untracked 
|  14|0x0000000707a00000, 0x0000000707a00000, 0x0000000707c00000|  0%| F|  |TAMS 0x0000000707a00000, 0x0000000707a00000| Untracked 
|  15|0x0000000707c00000, 0x0000000707c00000, 0x0000000707e00000|  0%| F|  |TAMS 0x0000000707c00000, 0x0000000707c00000| Untracked 
|  16|0x0000000707e00000, 0x0000000707e00000, 0x0000000708000000|  0%| F|  |TAMS 0x0000000707e00000, 0x0000000707e00000| Untracked 
|  17|0x0000000708000000, 0x00000007081944c0, 0x0000000708200000| 78%| S|CS|TAMS 0x0000000708000000, 0x0000000708000000| Complete 
|  18|0x0000000708200000, 0x0000000708200000, 0x0000000708400000|  0%| F|  |TAMS 0x0000000708200000, 0x0000000708200000| Untracked 
|  19|0x0000000708400000, 0x0000000708400000, 0x0000000708600000|  0%| F|  |TAMS 0x0000000708400000, 0x0000000708400000| Untracked 
|  20|0x0000000708600000, 0x0000000708600000, 0x0000000708800000|  0%| F|  |TAMS 0x0000000708600000, 0x0000000708600000| Untracked 
| 111|0x0000000713c00000, 0x0000000713c00000, 0x0000000713e00000|  0%| F|  |TAMS 0x0000000713c00000, 0x0000000713c00000| Untracked 
| 112|0x0000000713e00000, 0x0000000713e00000, 0x0000000714000000|  0%| F|  |TAMS 0x0000000713e00000, 0x0000000713e00000| Untracked 
| 125|0x0000000715800000, 0x0000000715800000, 0x0000000715a00000|  0%| F|  |TAMS 0x0000000715800000, 0x0000000715800000| Untracked 

Card table byte_map: [0x0000022fb74e0000,0x0000022fb7cc0000] _byte_map_base: 0x0000022fb3cb1000

Marking Bits (Prev, Next): (CMBitMap*) 0x0000022fa3c30c20, (CMBitMap*) 0x0000022fa3c30be0
 Prev Bits: [0x0000022fbc330000, 0x0000022fc01b8000)
 Next Bits: [0x0000022fb84a0000, 0x0000022fbc328000)

Polling page: 0x0000022fa1790000

Metaspace:

Usage:
  Non-class:     27.04 MB used.
      Class:      3.42 MB used.
       Both:     30.47 MB used.

Virtual space:
  Non-class space:       32.00 MB reserved,      27.19 MB ( 85%) committed,  4 nodes.
      Class space:        1.00 GB reserved,       3.50 MB ( <1%) committed,  1 nodes.
             Both:        1.03 GB reserved,      30.69 MB (  3%) committed. 

Chunk freelists:
   Non-Class:  176.00 KB
       Class:  384.00 KB
        Both:  560.00 KB

MaxMetaspaceSize: unlimited
CompressedClassSpaceSize: 1.00 GB
Initial GC threshold: 21.00 MB
Current GC threshold: 50.94 MB
CDS: off
MetaspaceReclaimPolicy: balanced
 - commit_granule_bytes: 65536.
 - commit_granule_words: 8192.
 - virtual_space_node_default_size: 1048576.
 - enlarge_chunks_in_place: 1.
 - new_chunks_are_fully_committed: 0.
 - uncommit_free_chunks: 1.
 - use_allocation_guard: 0.
 - handle_deallocations: 1.


Internal statistics:

num_allocs_failed_limit: 3.
num_arena_births: 228.
num_arena_deaths: 0.
num_vsnodes_births: 5.
num_vsnodes_deaths: 0.
num_space_committed: 491.
num_space_uncommitted: 0.
num_chunks_returned_to_freelist: 3.
num_chunks_taken_from_freelist: 844.
num_chunk_merges: 0.
num_chunk_splits: 556.
num_chunks_enlarged: 427.
num_purges: 0.
num_inconsistent_stats: 0.

CodeHeap 'non-profiled nmethods': size=119168Kb used=1015Kb max_used=1015Kb free=118152Kb
 bounds [0x0000022faee00000, 0x0000022faf070000, 0x0000022fb6260000]
CodeHeap 'profiled nmethods': size=119104Kb used=5642Kb max_used=5642Kb free=113461Kb
 bounds [0x0000022fa79b0000, 0x0000022fa7f40000, 0x0000022faee00000]
CodeHeap 'non-nmethods': size=7488Kb used=2972Kb max_used=2996Kb free=4515Kb
 bounds [0x0000022fa7260000, 0x0000022fa75d0000, 0x0000022fa79b0000]
 total_blobs=3553 nmethods=2955 adapters=507
 compilation: enabled
              stopped_count=0, restarted_count=0
 full_count=0

Compilation events (20 events):
Event: 23.268 Thread 0x0000022fc358f880 2950       3       java.lang.CharacterDataLatin1::getType (11 bytes)
Event: 23.268 Thread 0x0000022fc358f880 nmethod 2950 0x0000022fa7f30210 code [0x0000022fa7f303c0, 0x0000022fa7f30578]
Event: 23.269 Thread 0x0000022fc4af5710 nmethod 2949 0x0000022fa7f30690 code [0x0000022fa7f30880, 0x0000022fa7f30e18]
Event: 23.521 Thread 0x0000022fc358f880 2952       3       io.netty.channel.AdaptiveRecvByteBufAllocator::access$100 (4 bytes)
Event: 23.521 Thread 0x0000022fc358f880 nmethod 2952 0x0000022fa7f31010 code [0x0000022fa7f311a0, 0x0000022fa7f31298]
Event: 23.522 Thread 0x0000022fc358f880 2953       1       io.netty.buffer.EmptyByteBuf::release (2 bytes)
Event: 23.522 Thread 0x0000022fc358f880 nmethod 2953 0x0000022faeefd990 code [0x0000022faeefdb20, 0x0000022faeefdbf8]
Event: 23.522 Thread 0x0000022fc358e770 2954       4       com.google.common.base.CharMatcher$And::matches (28 bytes)
Event: 23.523 Thread 0x0000022fc3659eb0 2955       3       com.google.common.collect.AbstractMultiset$EntrySet::size (8 bytes)
Event: 23.523 Thread 0x0000022fc4d13390 2956       3       com.google.common.collect.AbstractMapBasedMultiset::distinctElements (10 bytes)
Event: 23.523 Thread 0x0000022fc3659eb0 nmethod 2955 0x0000022fa7f31310 code [0x0000022fa7f314c0, 0x0000022fa7f316a8]
Event: 23.523 Thread 0x0000022fc4d13390 nmethod 2956 0x0000022fa7f31790 code [0x0000022fa7f31940, 0x0000022fa7f31b28]
Event: 23.523 Thread 0x0000022fc358f880 2957       3       com.google.common.collect.Multisets$AbstractEntry::<init> (5 bytes)
Event: 23.523 Thread 0x0000022fc4d13390 2958       3       com.google.common.collect.AbstractMapBasedMultiset$2::hasNext (10 bytes)
Event: 23.523 Thread 0x0000022fc3659eb0 2960       3       com.google.common.collect.AbstractIndexedListIterator::next (31 bytes)
Event: 23.523 Thread 0x0000022fc358f880 nmethod 2957 0x0000022fa7f31c10 code [0x0000022fa7f31da0, 0x0000022fa7f31ef8]
Event: 23.523 Thread 0x0000022fc358f880 2959       1       com.google.common.collect.Multisets$ImmutableEntry::nextInBucket (2 bytes)
Event: 23.523 Thread 0x0000022fc4d13390 nmethod 2958 0x0000022fa7f31f90 code [0x0000022fa7f32140, 0x0000022fa7f32328]
Event: 23.523 Thread 0x0000022fc358f880 nmethod 2959 0x0000022faeefdc90 code [0x0000022faeefde20, 0x0000022faeefdef8]
Event: 23.524 Thread 0x0000022fc3659eb0 nmethod 2960 0x0000022fa7f32410 code [0x0000022fa7f325e0, 0x0000022fa7f32978]

GC Heap History (20 events):
Event: 0.886 GC heap after
{Heap after GC invocations=1 (full 0):
 garbage-first heap   total 258048K, used 7008K [0x0000000705e00000, 0x0000000800000000)
  region size 2048K, 2 young (4096K), 2 survivors (4096K)
 Metaspace       used 13508K, committed 13696K, reserved 1064960K
  class space    used 1309K, committed 1408K, reserved 1048576K
}
Event: 3.347 GC heap before
{Heap before GC invocations=1 (full 0):
 garbage-first heap   total 258048K, used 27488K [0x0000000705e00000, 0x0000000800000000)
  region size 2048K, 13 young (26624K), 2 survivors (4096K)
 Metaspace       used 21318K, committed 21504K, reserved 1073152K
  class space    used 2281K, committed 2368K, reserved 1048576K
}
Event: 3.351 GC heap after
{Heap after GC invocations=2 (full 0):
 garbage-first heap   total 258048K, used 9806K [0x0000000705e00000, 0x0000000800000000)
  region size 2048K, 2 young (4096K), 2 survivors (4096K)
 Metaspace       used 21318K, committed 21504K, reserved 1073152K
  class space    used 2281K, committed 2368K, reserved 1048576K
}
Event: 4.085 GC heap before
{Heap before GC invocations=3 (full 0):
 garbage-first heap   total 49152K, used 30286K [0x0000000705e00000, 0x0000000800000000)
  region size 2048K, 13 young (26624K), 2 survivors (4096K)
 Metaspace       used 27182K, committed 27456K, reserved 1073152K
  class space    used 3002K, committed 3136K, reserved 1048576K
}
Event: 4.089 GC heap after
{Heap after GC invocations=4 (full 0):
 garbage-first heap   total 49152K, used 13071K [0x0000000705e00000, 0x0000000800000000)
  region size 2048K, 2 young (4096K), 2 survivors (4096K)
 Metaspace       used 27182K, committed 27456K, reserved 1073152K
  class space    used 3002K, committed 3136K, reserved 1048576K
}
Event: 4.183 GC heap before
{Heap before GC invocations=4 (full 0):
 garbage-first heap   total 49152K, used 15119K [0x0000000705e00000, 0x0000000800000000)
  region size 2048K, 3 young (6144K), 2 survivors (4096K)
 Metaspace       used 27682K, committed 27904K, reserved 1081344K
  class space    used 3061K, committed 3136K, reserved 1048576K
}
Event: 4.187 GC heap after
{Heap after GC invocations=5 (full 0):
 garbage-first heap   total 49152K, used 13404K [0x0000000705e00000, 0x0000000800000000)
  region size 2048K, 1 young (2048K), 1 survivors (2048K)
 Metaspace       used 27682K, committed 27904K, reserved 1081344K
  class space    used 3061K, committed 3136K, reserved 1048576K
}
Event: 17.479 GC heap before
{Heap before GC invocations=5 (full 0):
 garbage-first heap   total 49152K, used 31836K [0x0000000705e00000, 0x0000000800000000)
  region size 2048K, 8 young (16384K), 1 survivors (2048K)
 Metaspace       used 30887K, committed 31168K, reserved 1081344K
  class space    used 3487K, committed 3584K, reserved 1048576K
}
Event: 17.483 GC heap after
{Heap after GC invocations=6 (full 0):
 garbage-first heap   total 49152K, used 21657K [0x0000000705e00000, 0x0000000800000000)
  region size 2048K, 1 young (2048K), 1 survivors (2048K)
 Metaspace       used 30887K, committed 31168K, reserved 1081344K
  class space    used 3487K, committed 3584K, reserved 1048576K
}
Event: 18.627 GC heap before
{Heap before GC invocations=6 (full 0):
 garbage-first heap   total 49152K, used 31897K [0x0000000705e00000, 0x0000000800000000)
  region size 2048K, 7 young (14336K), 1 survivors (2048K)
 Metaspace       used 30957K, committed 31168K, reserved 1081344K
  class space    used 3489K, committed 3584K, reserved 1048576K
}
Event: 18.629 GC heap after
{Heap after GC invocations=7 (full 0):
 garbage-first heap   total 49152K, used 22847K [0x0000000705e00000, 0x0000000800000000)
  region size 2048K, 1 young (2048K), 1 survivors (2048K)
 Metaspace       used 30957K, committed 31168K, reserved 1081344K
  class space    used 3489K, committed 3584K, reserved 1048576K
}
Event: 19.794 GC heap before
{Heap before GC invocations=7 (full 0):
 garbage-first heap   total 49152K, used 33087K [0x0000000705e00000, 0x0000000800000000)
  region size 2048K, 7 young (14336K), 1 survivors (2048K)
 Metaspace       used 31043K, committed 31296K, reserved 1081344K
  class space    used 3489K, committed 3584K, reserved 1048576K
}
Event: 19.795 GC heap after
{Heap after GC invocations=8 (full 0):
 garbage-first heap   total 49152K, used 22865K [0x0000000705e00000, 0x0000000800000000)
  region size 2048K, 1 young (2048K), 1 survivors (2048K)
 Metaspace       used 31043K, committed 31296K, reserved 1081344K
  class space    used 3489K, committed 3584K, reserved 1048576K
}
Event: 21.075 GC heap before
{Heap before GC invocations=9 (full 0):
 garbage-first heap   total 49152K, used 33105K [0x0000000705e00000, 0x0000000800000000)
  region size 2048K, 7 young (14336K), 1 survivors (2048K)
 Metaspace       used 31103K, committed 31360K, reserved 1081344K
  class space    used 3502K, committed 3584K, reserved 1048576K
}
Event: 21.077 GC heap after
{Heap after GC invocations=10 (full 0):
 garbage-first heap   total 49152K, used 23301K [0x0000000705e00000, 0x0000000800000000)
  region size 2048K, 1 young (2048K), 1 survivors (2048K)
 Metaspace       used 31103K, committed 31360K, reserved 1081344K
  class space    used 3502K, committed 3584K, reserved 1048576K
}
Event: 21.295 GC heap before
{Heap before GC invocations=10 (full 0):
 garbage-first heap   total 49152K, used 23301K [0x0000000705e00000, 0x0000000800000000)
  region size 2048K, 2 young (4096K), 1 survivors (2048K)
 Metaspace       used 31120K, committed 31360K, reserved 1081344K
  class space    used 3502K, committed 3584K, reserved 1048576K
}
Event: 21.297 GC heap after
{Heap after GC invocations=11 (full 0):
 garbage-first heap   total 49152K, used 21233K [0x0000000705e00000, 0x0000000800000000)
  region size 2048K, 1 young (2048K), 1 survivors (2048K)
 Metaspace       used 31120K, committed 31360K, reserved 1081344K
  class space    used 3502K, committed 3584K, reserved 1048576K
}
Event: 22.506 GC heap before
{Heap before GC invocations=11 (full 0):
 garbage-first heap   total 49152K, used 31473K [0x0000000705e00000, 0x0000000800000000)
  region size 2048K, 7 young (14336K), 1 survivors (2048K)
 Metaspace       used 31173K, committed 31360K, reserved 1081344K
  class space    used 3502K, committed 3584K, reserved 1048576K
}
Event: 22.508 GC heap after
{Heap after GC invocations=12 (full 0):
 garbage-first heap   total 49152K, used 22082K [0x0000000705e00000, 0x0000000800000000)
  region size 2048K, 1 young (2048K), 1 survivors (2048K)
 Metaspace       used 31173K, committed 31360K, reserved 1081344K
  class space    used 3502K, committed 3584K, reserved 1048576K
}
Event: 23.524 GC heap before
{Heap before GC invocations=13 (full 0):
 garbage-first heap   total 49152K, used 32322K [0x0000000705e00000, 0x0000000800000000)
  region size 2048K, 7 young (14336K), 1 survivors (2048K)
 Metaspace       used 31196K, committed 31424K, reserved 1081344K
  class space    used 3502K, committed 3584K, reserved 1048576K
}

Dll operation events (9 events):
Event: 0.008 Loaded shared library C:\Users\roopk\.p2\pool\plugins\org.eclipse.justj.openjdk.hotspot.jre.full.win32.x86_64_17.0.5.v20221102-0933\jre\bin\java.dll
Event: 0.148 Loaded shared library C:\Users\roopk\.p2\pool\plugins\org.eclipse.justj.openjdk.hotspot.jre.full.win32.x86_64_17.0.5.v20221102-0933\jre\bin\net.dll
Event: 0.150 Loaded shared library C:\Users\roopk\.p2\pool\plugins\org.eclipse.justj.openjdk.hotspot.jre.full.win32.x86_64_17.0.5.v20221102-0933\jre\bin\nio.dll
Event: 0.160 Loaded shared library C:\Users\roopk\.p2\pool\plugins\org.eclipse.justj.openjdk.hotspot.jre.full.win32.x86_64_17.0.5.v20221102-0933\jre\bin\zip.dll
Event: 0.372 Loaded shared library C:\Users\roopk\.p2\pool\plugins\org.eclipse.justj.openjdk.hotspot.jre.full.win32.x86_64_17.0.5.v20221102-0933\jre\bin\jimage.dll
Event: 1.123 Loaded shared library C:\Users\roopk\.p2\pool\plugins\org.eclipse.justj.openjdk.hotspot.jre.full.win32.x86_64_17.0.5.v20221102-0933\jre\bin\verify.dll
Event: 3.190 Loaded shared library C:\Users\roopk\.p2\pool\plugins\org.eclipse.justj.openjdk.hotspot.jre.full.win32.x86_64_17.0.5.v20221102-0933\jre\bin\management.dll
Event: 3.194 Loaded shared library C:\Users\roopk\.p2\pool\plugins\org.eclipse.justj.openjdk.hotspot.jre.full.win32.x86_64_17.0.5.v20221102-0933\jre\bin\management_ext.dll
Event: 3.426 Loaded shared library C:\Users\roopk\.p2\pool\plugins\org.eclipse.justj.openjdk.hotspot.jre.full.win32.x86_64_17.0.5.v20221102-0933\jre\bin\sunmscapi.dll

Deoptimization events (20 events):
Event: 17.182 Thread 0x0000022fa3bc0460 DEOPT PACKING pc=0x0000022faeed42dc sp=0x0000005674dfb1f0
Event: 17.182 Thread 0x0000022fa3bc0460 DEOPT UNPACKING pc=0x0000022fa72b23a3 sp=0x0000005674dfb168 mode 2
Event: 17.725 Thread 0x0000022fa3bc0460 DEOPT PACKING pc=0x0000022fa7e1f771 sp=0x0000005674dfc680
Event: 17.725 Thread 0x0000022fa3bc0460 DEOPT UNPACKING pc=0x0000022fa72b2b43 sp=0x0000005674dfbb78 mode 0
Event: 18.147 Thread 0x0000022fa3bc0460 DEOPT PACKING pc=0x0000022fa7e70ed1 sp=0x0000005674dfd520
Event: 18.147 Thread 0x0000022fa3bc0460 DEOPT UNPACKING pc=0x0000022fa72b2b43 sp=0x0000005674dfc998 mode 0
Event: 18.148 Thread 0x0000022fa3bc0460 Uncommon trap: trap_request=0xffffff45 fr.pc=0x0000022faeeed514 relative=0x00000000000003f4
Event: 18.148 Thread 0x0000022fa3bc0460 Uncommon trap: reason=unstable_if action=reinterpret pc=0x0000022faeeed514 method=java.util.Base64$Decoder.decodeBlock([BII[BIZ)I @ 107 c2
Event: 18.148 Thread 0x0000022fa3bc0460 DEOPT PACKING pc=0x0000022faeeed514 sp=0x0000005674dfd4f0
Event: 18.148 Thread 0x0000022fa3bc0460 DEOPT UNPACKING pc=0x0000022fa72b23a3 sp=0x0000005674dfd4a0 mode 2
Event: 19.853 Thread 0x0000022fa3bc0460 Uncommon trap: trap_request=0xffffff45 fr.pc=0x0000022faeee98a0 relative=0x0000000000000cc0
Event: 19.853 Thread 0x0000022fa3bc0460 Uncommon trap: reason=unstable_if action=reinterpret pc=0x0000022faeee98a0 method=org.openqa.selenium.json.JsonInput.readString()Ljava/lang/String; @ 25 c2
Event: 19.853 Thread 0x0000022fa3bc0460 DEOPT PACKING pc=0x0000022faeee98a0 sp=0x0000005674dfbcf0
Event: 19.853 Thread 0x0000022fa3bc0460 DEOPT UNPACKING pc=0x0000022fa72b23a3 sp=0x0000005674dfbce0 mode 2
Event: 19.853 Thread 0x0000022fa3bc0460 Uncommon trap: trap_request=0xffffff45 fr.pc=0x0000022faeee6f40 relative=0x0000000000000aa0
Event: 19.853 Thread 0x0000022fa3bc0460 Uncommon trap: reason=unstable_if action=reinterpret pc=0x0000022faeee6f40 method=org.openqa.selenium.json.JsonInput.readString()Ljava/lang/String; @ 25 c2
Event: 19.853 Thread 0x0000022fa3bc0460 DEOPT PACKING pc=0x0000022faeee6f40 sp=0x0000005674dfbd00
Event: 19.853 Thread 0x0000022fa3bc0460 DEOPT UNPACKING pc=0x0000022fa72b23a3 sp=0x0000005674dfbcf0 mode 2
Event: 20.624 Thread 0x0000022fa3bc0460 DEOPT PACKING pc=0x0000022fa7ec5951 sp=0x0000005674dfc680
Event: 20.624 Thread 0x0000022fa3bc0460 DEOPT UNPACKING pc=0x0000022fa72b2b43 sp=0x0000005674dfbb78 mode 0

Classes unloaded (0 events):
No events

Classes redefined (0 events):
No events

Internal exceptions (20 events):
Event: 3.155 Thread 0x0000022fa3bc0460 Exception <a 'java/lang/NoClassDefFoundError'{0x0000000714de3290}> (0x0000000714de3290) 
thrown [s\src\hotspot\share\oops\instanceKlass.cpp, line 1166]
Event: 3.156 Thread 0x0000022fa3bc0460 Exception <a 'java/lang/NoClassDefFoundError'{0x0000000714def210}: org/apache/logging/log4j/spi/ExtendedLoggerWrapper> (0x0000000714def210) 
thrown [s\src\hotspot\share\classfile\systemDictionary.cpp, line 245]
Event: 3.157 Thread 0x0000022fa3bc0460 Exception <a 'java/lang/NoClassDefFoundError'{0x0000000714dfb838}: org/apache/log4j/Priority> (0x0000000714dfb838) 
thrown [s\src\hotspot\share\classfile\systemDictionary.cpp, line 245]
Event: 3.294 Thread 0x0000022fa3bc0460 Exception <a 'sun/nio/fs/WindowsException'{0x000000071445a250}> (0x000000071445a250) 
thrown [s\src\hotspot\share\prims\jni.cpp, line 516]
Event: 3.301 Thread 0x0000022fa3bc0460 Exception <a 'java/lang/NoSuchMethodError'{0x0000000714498810}: 'int java.lang.invoke.DirectMethodHandle$Holder.invokeStaticInit(java.lang.Object, java.lang.Object, java.lang.Object, java.lang.Object)'> (0x0000000714498810) 
thrown [s\src\hotspot\share\interpreter\linkResolver.cpp, line 759]
Event: 3.650 Thread 0x0000022fa3bc0460 Exception <a 'java/lang/NoSuchMethodError'{0x0000000707a39528}: 'java.lang.Object java.lang.invoke.DirectMethodHandle$Holder.invokeInterface(java.lang.Object, java.lang.Object, java.lang.Object)'> (0x0000000707a39528) 
thrown [s\src\hotspot\share\interpreter\linkResolver.cpp, line 759]
Event: 3.650 Thread 0x0000022fa3bc0460 Exception <a 'java/lang/IncompatibleClassChangeError'{0x0000000707a3cbf0}: Found class java.lang.Object, but interface was expected> (0x0000000707a3cbf0) 
thrown [s\src\hotspot\share\interpreter\linkResolver.cpp, line 826]
Event: 3.651 Thread 0x0000022fa3bc0460 Exception <a 'java/lang/NoSuchMethodError'{0x0000000707a45400}: 'int java.lang.invoke.DirectMethodHandle$Holder.invokeSpecialIFC(java.lang.Object, java.lang.Object, java.lang.Object, java.lang.Object)'> (0x0000000707a45400) 
thrown [s\src\hotspot\share\interpreter\linkResolver.cpp, line 759]
Event: 3.932 Thread 0x0000022fc52baef0 Exception <a 'java/net/ConnectException'{0x0000000707b72968}: Connection refused: no further information> (0x0000000707b72968) 
thrown [s\src\hotspot\share\prims\jni.cpp, line 535]
Event: 3.932 Thread 0x0000022fc52baef0 Exception <a 'java/net/SocketException'{0x0000000707b72ca0}: Socket is not connected: shutdown> (0x0000000707b72ca0) 
thrown [s\src\hotspot\share\prims\jni.cpp, line 535]
Event: 3.986 Thread 0x0000022fa3bc0460 Exception <a 'java/lang/NoSuchMethodError'{0x000000070783fff8}: 'java.lang.Object java.lang.invoke.DirectMethodHandle$Holder.newInvokeSpecial(java.lang.Object, java.lang.Object, int, int)'> (0x000000070783fff8) 
thrown [s\src\hotspot\share\interpreter\linkResolver.cpp, line 759]
Event: 3.988 Thread 0x0000022fa3bc0460 Exception <a 'java/lang/NoSuchMethodError'{0x000000070784ad40}: 'void java.lang.invoke.DirectMethodHandle$Holder.invokeStatic(java.lang.Object, java.lang.Object, int)'> (0x000000070784ad40) 
thrown [s\src\hotspot\share\interpreter\linkResolver.cpp, line 759]
Event: 3.999 Thread 0x0000022fa3bc0460 Exception <a 'java/lang/NoSuchMethodError'{0x00000007078f8700}: 'java.lang.Object java.lang.invoke.DirectMethodHandle$Holder.newInvokeSpecial(java.lang.Object, java.lang.Object, java.lang.Object, java.lang.Object, java.lang.Object)'> (0x00000007078f8700) 
thrown [s\src\hotspot\share\interpreter\linkResolver.cpp, line 759]
Event: 4.019 Thread 0x0000022fa3bc0460 Exception <a 'java/lang/NoSuchMethodError'{0x000000070764b7a8}: 'int java.lang.invoke.DirectMethodHandle$Holder.invokeSpecialIFC(java.lang.Object, java.lang.Object, java.lang.Object)'> (0x000000070764b7a8) 
thrown [s\src\hotspot\share\interpreter\linkResolver.cpp, line 759]
Event: 4.048 Thread 0x0000022fa3bc0460 Exception <a 'java/lang/NoSuchMethodError'{0x0000000707404720}: 'java.lang.Object java.lang.invoke.DirectMethodHandle$Holder.invokeVirtual(java.lang.Object, java.lang.Object, java.lang.Object, java.lang.Object)'> (0x0000000707404720) 
thrown [s\src\hotspot\share\interpreter\linkResolver.cpp, line 759]
Event: 4.073 Thread 0x0000022fa3bc0460 Exception <a 'java/lang/NoSuchMethodError'{0x000000070752e4e8}: 'void java.lang.invoke.DirectMethodHandle$Holder.invokeSpecial(java.lang.Object, java.lang.Object, java.lang.Object, java.lang.Object, java.lang.Object, java.lang.Object)'> (0x000000070752e4e8) 
thrown [s\src\hotspot\share\interpreter\linkResolver.cpp, line 759]
Event: 5.276 Thread 0x0000022fa3bc0460 Exception <a 'java/lang/NoSuchMethodError'{0x0000000708747918}: 'java.lang.Object java.lang.invoke.DirectMethodHandle$Holder.invokeSpecialIFC(java.lang.Object, java.lang.Object, java.lang.Object)'> (0x0000000708747918) 
thrown [s\src\hotspot\share\interpreter\linkResolver.cpp, line 759]
Event: 5.312 Thread 0x0000022fa3bc0460 Exception <a 'java/lang/NoSuchMethodError'{0x00000007084946b8}: 'void java.lang.invoke.DirectMethodHandle$Holder.invokeSpecial(java.lang.Object, java.lang.Object, java.lang.Object, java.lang.Object, java.lang.Object)'> (0x00000007084946b8) 
thrown [s\src\hotspot\share\interpreter\linkResolver.cpp, line 759]
Event: 5.442 Thread 0x0000022fa3bc0460 Exception <a 'java/lang/ClassNotFoundException'{0x00000007083d4e78}: sun/util/logging/resources/spi/loggingProvider> (0x00000007083d4e78) 
thrown [s\src\hotspot\share\classfile\systemDictionary.cpp, line 256]
Event: 19.858 Thread 0x0000022fa3bc0460 Exception <a 'java/lang/ClassNotFoundException'{0x0000000713ee04d8}: sun/misc/SharedSecrets> (0x0000000713ee04d8) 
thrown [s\src\hotspot\share\classfile\systemDictionary.cpp, line 256]

VM Operations (20 events):
Event: 19.795 Executing VM operation: G1CollectForAllocation done
Event: 19.801 Executing VM operation: G1Concurrent
Event: 19.803 Executing VM operation: G1Concurrent done
Event: 19.807 Executing VM operation: G1Concurrent
Event: 19.807 Executing VM operation: G1Concurrent done
Event: 20.812 Executing VM operation: Cleanup
Event: 20.812 Executing VM operation: Cleanup done
Event: 21.075 Executing VM operation: G1CollectForAllocation
Event: 21.077 Executing VM operation: G1CollectForAllocation done
Event: 21.295 Executing VM operation: G1CollectForAllocation
Event: 21.297 Executing VM operation: G1CollectForAllocation done
Event: 22.299 Executing VM operation: Cleanup
Event: 22.300 Executing VM operation: Cleanup done
Event: 22.506 Executing VM operation: G1CollectForAllocation
Event: 22.509 Executing VM operation: G1CollectForAllocation done
Event: 22.515 Executing VM operation: G1Concurrent
Event: 22.516 Executing VM operation: G1Concurrent done
Event: 22.520 Executing VM operation: G1Concurrent
Event: 22.521 Executing VM operation: G1Concurrent done
Event: 23.524 Executing VM operation: G1CollectForAllocation

Events (20 events):
Event: 9.382 Thread 0x0000022fc5363f30 Thread exited: 0x0000022fc5363f30
Event: 17.183 Thread 0x0000022fc4d13390 Thread added: 0x0000022fc4d13390
Event: 17.484 loading class java/util/Base64$Decoder
Event: 17.484 loading class java/util/Base64$Decoder done
Event: 17.492 loading class java/io/DeleteOnExitHook
Event: 17.493 loading class java/io/DeleteOnExitHook done
Event: 17.493 loading class java/io/DeleteOnExitHook$1
Event: 17.493 loading class java/io/DeleteOnExitHook$1 done
Event: 19.855 loading class java/util/stream/SortedOps$RefSortingSink
Event: 19.855 loading class java/util/stream/SortedOps$AbstractRefSortingSink
Event: 19.855 loading class java/util/stream/SortedOps$AbstractRefSortingSink done
Event: 19.856 loading class java/util/stream/SortedOps$RefSortingSink done
Event: 19.858 loading class sun/misc/SharedSecrets
Event: 19.858 loading class sun/misc/SharedSecrets done
Event: 19.858 loading class java/util/TreeMap$EntrySpliterator
Event: 19.858 loading class java/util/TreeMap$EntrySpliterator done
Event: 19.860 loading class java/util/stream/SortedOps$SizedRefSortingSink
Event: 19.860 loading class java/util/stream/SortedOps$SizedRefSortingSink done
Event: 21.787 Thread 0x0000022fc4af5710 Thread added: 0x0000022fc4af5710
Event: 21.788 Thread 0x0000022fc3659eb0 Thread added: 0x0000022fc3659eb0


Dynamic libraries:
0x00007ff7c59b0000 - 0x00007ff7c59be000 	C:\Users\roopk\.p2\pool\plugins\org.eclipse.justj.openjdk.hotspot.jre.full.win32.x86_64_17.0.5.v20221102-0933\jre\bin\javaw.exe
0x00007ffa3c070000 - 0x00007ffa3c287000 	C:\WINDOWS\SYSTEM32\ntdll.dll
0x00007ffa3ac10000 - 0x00007ffa3acd4000 	C:\WINDOWS\System32\KERNEL32.DLL
0x00007ffa39a10000 - 0x00007ffa39db5000 	C:\WINDOWS\System32\KERNELBASE.dll
0x00007ffa393e0000 - 0x00007ffa394f1000 	C:\WINDOWS\System32\ucrtbase.dll
0x00007ffa34060000 - 0x00007ffa34079000 	C:\Users\roopk\.p2\pool\plugins\org.eclipse.justj.openjdk.hotspot.jre.full.win32.x86_64_17.0.5.v20221102-0933\jre\bin\VCRUNTIME140.dll
0x00007ffa340a0000 - 0x00007ffa340b7000 	C:\Users\roopk\.p2\pool\plugins\org.eclipse.justj.openjdk.hotspot.jre.full.win32.x86_64_17.0.5.v20221102-0933\jre\bin\jli.dll
0x00007ffa39f00000 - 0x00007ffa3a0ae000 	C:\WINDOWS\System32\USER32.dll
0x00007ffa39500000 - 0x00007ffa39526000 	C:\WINDOWS\System32\win32u.dll
0x00007ffa3b590000 - 0x00007ffa3b5b9000 	C:\WINDOWS\System32\GDI32.dll
0x00007ffa39530000 - 0x00007ffa39649000 	C:\WINDOWS\System32\gdi32full.dll
0x00007ffa39650000 - 0x00007ffa396ea000 	C:\WINDOWS\System32\msvcp_win.dll
0x00007ffa21650000 - 0x00007ffa218e3000 	C:\WINDOWS\WinSxS\amd64_microsoft.windows.common-controls_6595b64144ccf1df_6.0.22621.2506_none_270c5ae97388e100\COMCTL32.dll
0x00007ffa3a0b0000 - 0x00007ffa3a157000 	C:\WINDOWS\System32\msvcrt.dll
0x00007ffa3a160000 - 0x00007ffa3a191000 	C:\WINDOWS\System32\IMM32.DLL
0x00007ffa34190000 - 0x00007ffa3419c000 	C:\Users\roopk\.p2\pool\plugins\org.eclipse.justj.openjdk.hotspot.jre.full.win32.x86_64_17.0.5.v20221102-0933\jre\bin\vcruntime140_1.dll
0x00007ffa00f10000 - 0x00007ffa00fa1000 	C:\Users\roopk\.p2\pool\plugins\org.eclipse.justj.openjdk.hotspot.jre.full.win32.x86_64_17.0.5.v20221102-0933\jre\bin\msvcp140.dll
0x00007ff99dfe0000 - 0x00007ff99ec24000 	C:\Users\roopk\.p2\pool\plugins\org.eclipse.justj.openjdk.hotspot.jre.full.win32.x86_64_17.0.5.v20221102-0933\jre\bin\server\jvm.dll
0x00007ffa39dc0000 - 0x00007ffa39e71000 	C:\WINDOWS\System32\ADVAPI32.dll
0x00007ffa3bf20000 - 0x00007ffa3bfc6000 	C:\WINDOWS\System32\sechost.dll
0x00007ffa3b2e0000 - 0x00007ffa3b3f7000 	C:\WINDOWS\System32\RPCRT4.dll
0x00007ffa30aa0000 - 0x00007ffa30aa9000 	C:\WINDOWS\SYSTEM32\WSOCK32.dll
0x00007ffa3b410000 - 0x00007ffa3b481000 	C:\WINDOWS\System32\WS2_32.dll
0x00007ffa30870000 - 0x00007ffa308a4000 	C:\WINDOWS\SYSTEM32\WINMM.dll
0x00007ffa32060000 - 0x00007ffa3206a000 	C:\WINDOWS\SYSTEM32\VERSION.dll
0x00007ffa38470000 - 0x00007ffa38488000 	C:\WINDOWS\SYSTEM32\kernel.appcore.dll
0x00007ffa34090000 - 0x00007ffa3409a000 	C:\Users\roopk\.p2\pool\plugins\org.eclipse.justj.openjdk.hotspot.jre.full.win32.x86_64_17.0.5.v20221102-0933\jre\bin\jimage.dll
0x00007ffa36c10000 - 0x00007ffa36e43000 	C:\WINDOWS\SYSTEM32\DBGHELP.DLL
0x00007ffa3ace0000 - 0x00007ffa3b069000 	C:\WINDOWS\System32\combase.dll
0x00007ffa3b200000 - 0x00007ffa3b2d7000 	C:\WINDOWS\System32\OLEAUT32.dll
0x00007ffa24d40000 - 0x00007ffa24d72000 	C:\WINDOWS\SYSTEM32\dbgcore.DLL
0x00007ffa396f0000 - 0x00007ffa3976a000 	C:\WINDOWS\System32\bcryptPrimitives.dll
0x00007ffa2e850000 - 0x00007ffa2e875000 	C:\Users\roopk\.p2\pool\plugins\org.eclipse.justj.openjdk.hotspot.jre.full.win32.x86_64_17.0.5.v20221102-0933\jre\bin\java.dll
0x00007ffa22170000 - 0x00007ffa22188000 	C:\Users\roopk\.p2\pool\plugins\org.eclipse.justj.openjdk.hotspot.jre.full.win32.x86_64_17.0.5.v20221102-0933\jre\bin\zip.dll
0x00007ffa3b6a0000 - 0x00007ffa3bef9000 	C:\WINDOWS\System32\SHELL32.dll
0x00007ffa372c0000 - 0x00007ffa37bb4000 	C:\WINDOWS\SYSTEM32\windows.storage.dll
0x00007ffa37180000 - 0x00007ffa372be000 	C:\WINDOWS\SYSTEM32\wintypes.dll
0x00007ffa3b490000 - 0x00007ffa3b583000 	C:\WINDOWS\System32\SHCORE.dll
0x00007ffa3b5c0000 - 0x00007ffa3b61e000 	C:\WINDOWS\System32\shlwapi.dll
0x00007ffa39310000 - 0x00007ffa39336000 	C:\WINDOWS\SYSTEM32\profapi.dll
0x00007ffa10540000 - 0x00007ffa10559000 	C:\Users\roopk\.p2\pool\plugins\org.eclipse.justj.openjdk.hotspot.jre.full.win32.x86_64_17.0.5.v20221102-0933\jre\bin\net.dll
0x00007ffa330d0000 - 0x00007ffa33207000 	C:\WINDOWS\SYSTEM32\WINHTTP.dll
0x00007ffa38950000 - 0x00007ffa389b9000 	C:\WINDOWS\system32\mswsock.dll
0x00007ffa10520000 - 0x00007ffa10535000 	C:\Users\roopk\.p2\pool\plugins\org.eclipse.justj.openjdk.hotspot.jre.full.win32.x86_64_17.0.5.v20221102-0933\jre\bin\nio.dll
0x00007ffa37f20000 - 0x00007ffa38019000 	C:\WINDOWS\SYSTEM32\DNSAPI.dll
0x00007ffa37ee0000 - 0x00007ffa37f0d000 	C:\WINDOWS\SYSTEM32\IPHLPAPI.DLL
0x00007ffa3a9f0000 - 0x00007ffa3a9f9000 	C:\WINDOWS\System32\NSI.dll
0x00007ffa32140000 - 0x00007ffa3214a000 	C:\Windows\System32\rasadhlp.dll
0x00007ffa323e0000 - 0x00007ffa32463000 	C:\WINDOWS\System32\fwpuclnt.dll
0x00007ffa38ba0000 - 0x00007ffa38bbb000 	C:\WINDOWS\SYSTEM32\CRYPTSP.dll
0x00007ffa38430000 - 0x00007ffa38465000 	C:\WINDOWS\system32\rsaenh.dll
0x00007ffa38a40000 - 0x00007ffa38a6c000 	C:\WINDOWS\SYSTEM32\USERENV.dll
0x00007ffa38d70000 - 0x00007ffa38d98000 	C:\WINDOWS\SYSTEM32\bcrypt.dll
0x00007ffa38bc0000 - 0x00007ffa38bcc000 	C:\WINDOWS\SYSTEM32\CRYPTBASE.dll
0x00007ffa32ae0000 - 0x00007ffa32af9000 	C:\WINDOWS\SYSTEM32\dhcpcsvc6.DLL
0x00007ffa32ac0000 - 0x00007ffa32adf000 	C:\WINDOWS\SYSTEM32\dhcpcsvc.DLL
0x00007ffa213c0000 - 0x00007ffa213d0000 	C:\Users\roopk\.p2\pool\plugins\org.eclipse.justj.openjdk.hotspot.jre.full.win32.x86_64_17.0.5.v20221102-0933\jre\bin\verify.dll
0x00007ffa35f30000 - 0x00007ffa35fc7000 	C:\WINDOWS\system32\apphelp.dll
0x00007ffa332b0000 - 0x00007ffa332b9000 	C:\Users\roopk\.p2\pool\plugins\org.eclipse.justj.openjdk.hotspot.jre.full.win32.x86_64_17.0.5.v20221102-0933\jre\bin\management.dll
0x00007ffa332a0000 - 0x00007ffa332ab000 	C:\Users\roopk\.p2\pool\plugins\org.eclipse.justj.openjdk.hotspot.jre.full.win32.x86_64_17.0.5.v20221102-0933\jre\bin\management_ext.dll
0x00007ffa3c020000 - 0x00007ffa3c028000 	C:\WINDOWS\System32\PSAPI.DLL
0x00007ffa32540000 - 0x00007ffa3254e000 	C:\Users\roopk\.p2\pool\plugins\org.eclipse.justj.openjdk.hotspot.jre.full.win32.x86_64_17.0.5.v20221102-0933\jre\bin\sunmscapi.dll
0x00007ffa39830000 - 0x00007ffa39996000 	C:\WINDOWS\System32\CRYPT32.dll
0x00007ffa38d40000 - 0x00007ffa38d6d000 	C:\WINDOWS\SYSTEM32\ncrypt.dll
0x00007ffa38d00000 - 0x00007ffa38d37000 	C:\WINDOWS\SYSTEM32\NTASN1.dll
0x00007ffa1f3f0000 - 0x00007ffa1f3f8000 	C:\WINDOWS\system32\wshunix.dll

dbghelp: loaded successfully - version: 4.0.5 - missing functions: none
symbol engine: initialized successfully - sym options: 0x614 - pdb path: .;C:\Users\roopk\.p2\pool\plugins\org.eclipse.justj.openjdk.hotspot.jre.full.win32.x86_64_17.0.5.v20221102-0933\jre\bin;C:\WINDOWS\SYSTEM32;C:\WINDOWS\WinSxS\amd64_microsoft.windows.common-controls_6595b64144ccf1df_6.0.22621.2506_none_270c5ae97388e100;C:\Users\roopk\.p2\pool\plugins\org.eclipse.justj.openjdk.hotspot.jre.full.win32.x86_64_17.0.5.v20221102-0933\jre\bin\server

VM Arguments:
jvm_args: -ea -Dfile.encoding=UTF-8 -Dstdout.encoding=UTF-8 -Dstderr.encoding=UTF-8 -XX:+ShowCodeDetailsInExceptionMessages 
java_command: org.testng.remote.RemoteTestNG -serport 56937 -protocol json -d G:\Selenium Practice\MyJavaSeleniumApiPractices\test-output C:\Users\roopk\AppData\Local\Temp\testng-eclipse-917075822\testng-customsuite.xml
java_class_path (initial): C:\Users\roopk\eclipse\java-2022-12\eclipse\configuration\org.eclipse.osgi\1443\0\.cp\lib\testng-remote.jar;G:\Selenium Practice\MyJavaSeleniumApiPractices\target\test-classes;G:\Selenium Practice\MyJavaSeleniumApiPractices\target\classes;C:\Users\roopk\.m2\repository\org\seleniumhq\selenium\selenium-java\4.12.1\selenium-java-4.12.1.jar;C:\Users\roopk\.m2\repository\org\seleniumhq\selenium\selenium-api\4.12.1\selenium-api-4.12.1.jar;C:\Users\roopk\.m2\repository\org\seleniumhq\selenium\selenium-chrome-driver\4.12.1\selenium-chrome-driver-4.12.1.jar;C:\Users\roopk\.m2\repository\com\google\auto\service\auto-service-annotations\1.1.1\auto-service-annotations-1.1.1.jar;C:\Users\roopk\.m2\repository\com\google\guava\guava\32.1.2-jre\guava-32.1.2-jre.jar;C:\Users\roopk\.m2\repository\com\google\guava\failureaccess\1.0.1\failureaccess-1.0.1.jar;C:\Users\roopk\.m2\repository\com\google\guava\listenablefuture\9999.0-empty-to-avoid-conflict-with-guava\listenablefuture-9999.0-empty-to-avoid-conflict-with-guava.jar;C:\Users\roopk\.m2\repository\com\google\code\findbugs\jsr305\3.0.2\jsr305-3.0.2.jar;C:\Users\roopk\.m2\repository\org\checkerframework\checker-qual\3.33.0\checker-qual-3.33.0.jar;C:\Users\roopk\.m2\repository\com\google\errorprone\error_prone_annotations\2.18.0\error_prone_annotations-2.18.0.jar;C:\Users\roopk\.m2\repository\com\google\j2objc\j2objc-annotations\2.8\j2objc-annotations-2.8.jar;C:\Users\roopk\.m2\repository\org\seleniumhq\selenium\selenium-chromium-driver\4.12.1\selenium-chromium-driver-4.12.1.jar;C:\Users\roopk\.m2\repository\org\seleniumhq\selenium\selenium-json\4.12.1\selenium-json-4.12.1.jar;C:\Users\roopk\.m2\repository\org\seleniumhq\selenium\selenium-manager\4.12.1\selenium-manager-4.12.1.jar;C:\Users\roopk\.m2\repository\org\seleniumhq\selenium\selenium-devtools-v114\4.12.1\selenium-devtools-v114-4.12.1.jar;C:\Users\roopk\.m2\repository\org\seleniumhq\selenium\selenium-devtools-v115\4.12.1\selenium-devtools-v115-4.
Launcher Type: SUN_STANDARD

[Global flags]
     intx CICompilerCount                          = 12                                        {product} {ergonomic}
     uint ConcGCThreads                            = 4                                         {product} {ergonomic}
     uint G1ConcRefinementThreads                  = 15                                        {product} {ergonomic}
   size_t G1HeapRegionSize                         = 2097152                                   {product} {ergonomic}
    uintx GCDrainStackTargetSize                   = 64                                        {product} {ergonomic}
   size_t InitialHeapSize                          = 264241152                                 {product} {ergonomic}
   size_t MarkStackSize                            = 4194304                                   {product} {ergonomic}
   size_t MaxHeapSize                              = 4196401152                                {product} {ergonomic}
   size_t MaxNewSize                               = 2516582400                                {product} {ergonomic}
   size_t MinHeapDeltaBytes                        = 2097152                                   {product} {ergonomic}
   size_t MinHeapSize                              = 8388608                                   {product} {ergonomic}
    uintx NonNMethodCodeHeapSize                   = 7602480                                {pd product} {ergonomic}
    uintx NonProfiledCodeHeapSize                  = 122027880                              {pd product} {ergonomic}
    uintx ProfiledCodeHeapSize                     = 122027880                              {pd product} {ergonomic}
    uintx ReservedCodeCacheSize                    = 251658240                              {pd product} {ergonomic}
     bool SegmentedCodeCache                       = true                                      {product} {ergonomic}
     bool ShowCodeDetailsInExceptionMessages       = true                                   {manageable} {command line}
   size_t SoftMaxHeapSize                          = 4196401152                             {manageable} {ergonomic}
     bool UseCompressedClassPointers               = true                           {product lp64_product} {ergonomic}
     bool UseCompressedOops                        = true                           {product lp64_product} {ergonomic}
     bool UseG1GC                                  = true                                      {product} {ergonomic}
     bool UseLargePagesIndividualAllocation        = false                                  {pd product} {ergonomic}

Logging:
Log output configuration:
 #0: stdout all=warning uptime,level,tags
 #1: stderr all=off uptime,level,tags

Environment Variables:
JAVA_HOME=C:\Program Files\Java\jdk-17
PATH=C:/Users/roopk/.p2/pool/plugins/org.eclipse.justj.openjdk.hotspot.jre.full.win32.x86_64_20.0.2.v20230801-2057/jre/bin/server;C:/Users/roopk/.p2/pool/plugins/org.eclipse.justj.openjdk.hotspot.jre.full.win32.x86_64_20.0.2.v20230801-2057/jre/bin;C:\Program Files\Common Files\Oracle\Java\javapath;C:\Program Files (x86)\Common Files\Oracle\Java\javapath;C:\Program Files (x86)\VMware\VMware Player\bin\;C:\oracle\product\10.2.0\db_1\bin;C:\Program Files\Eclipse Adoptium\jdk-17.0.5.8-hotspot\bin;C:\Windows\system32;C:\Windows;C:\Windows\System32\Wbem;C:\Windows\System32\WindowsPowerShell\v1.0\;C:\Windows\System32\OpenSSH\;C:\Program Files (x86)\NVIDIA Corporation\PhysX\Common;C:\Program Files\NVIDIA Corporation\NVIDIA NvDLISR;C:\WINDOWS\system32;C:\WINDOWS;C:\WINDOWS\System32\Wbem;C:\WINDOWS\System32\WindowsPowerShell\v1.0\;C:\WINDOWS\System32\OpenSSH\;C:\Program Files\dotnet\;C:\Users\roopk\AppData\Local\Programs\Python\Python311\Scripts;E:\Maven\RE\apache-maven-3.9.1-bin\apache-maven-3.9.1\bin;C:\Users\roopk\AppData\Local\Android\Sdk\platform-tools;C:\Program Files\Git\cmd;C:\Program Files\nodejs\;C:\Users\roopk\AppData\Local\Microsoft\WindowsApps;C:\Users\roopk\AppData\Local\Programs\Microsoft VS Code\bin;C:\Users\roopk\AppData\Local\Programs\Fiddler;C:\Users\roopk\AppData\Roaming\npm;C:\Users\roopk\eclipse\java-2022-12\eclipse;
USERNAME=roopk
OS=Windows_NT
PROCESSOR_IDENTIFIER=Intel64 Family 6 Model 154 Stepping 3, GenuineIntel
TMP=C:\Users\roopk\AppData\Local\Temp
TEMP=C:\Users\roopk\AppData\Local\Temp



---------------  S Y S T E M  ---------------

OS:
 Windows 11 , 64 bit Build 22621 (10.0.22621.2506)
OS uptime: 12 days 4:33 hours
Hyper-V role detected

CPU: total 20 (initial active 20) (10 cores per cpu, 2 threads per core) family 6 model 154 stepping 3 microcode 0x41c, cx8, cmov, fxsr, ht, mmx, 3dnowpref, sse, sse2, sse3, ssse3, sse4.1, sse4.2, popcnt, lzcnt, tsc, tscinvbit, avx, avx2, aes, erms, clmul, bmi1, bmi2, adx, sha, fma, vzeroupper, clflush, clflushopt, clwb, hv

Memory: 4k page, system-wide physical 16004M (1815M free)
TotalPageFile size 55333M (AvailPageFile size 69M)
current process WorkingSet (physical memory assigned to process): 151M, peak: 151M
current process commit charge ("private bytes"): 199M, peak: 386M

vm_info: OpenJDK 64-Bit Server VM (17.0.5+8) for windows-amd64 JRE (17.0.5+8), built on Oct 19 2022 04:48:13 by "temurin" with MS VC++ 16.7 (VS2019)

END.
